Mono path[0] = 'C:/Games/Valheim/valheim_Data/Managed'
Mono config path = 'C:/Games/Valheim/MonoBleedingEdge/etc'
Initialize engine version: 2020.3.41f1 (7c19dc9acfda)
[Subsystems] Discovering subsystems at path C:/Games/Valheim/valheim_Data/UnitySubsystems
GfxDevice: creating device client; threaded=1
Direct3D:
    Version:  Direct3D 11.0 [level 11.1]
    Renderer: NVIDIA GeForce GTX 1660 (ID=0x2184)
    Vendor:   
    VRAM:     5980 MB
    Driver:   31.0.15.3141
Begin MonoManager ReloadAssembly
- Completed reload, in  0.064 seconds
<RI> Initializing input.
New input system (experimental) initialized
<RI> Input initialized.
<RI> Initialized touch support.
UnloadTime: 0.603700 ms
03/30/2023 23:52:45: Starting to load scene:start
Couldn't create a Convex Mesh from source mesh "default" within the maximum polygons limit (256). The partial hull will be used. Consider simplifying your mesh.
Couldn't create a Convex Mesh from source mesh "default" within the maximum polygons limit (256). The partial hull will be used. Consider simplifying your mesh.
Shader 'Lux Lit Particles/ Tess Bumped': fallback shader 'Lux Lit Particles/ Bumped Smoke' not found
Unloading 6 Unused Serialized files (Serialized files now loaded: 1)
UnloadTime: 6.337700 ms
Only custom filters can be played. Please add a custom filter or an audioclip to the audiosource (Amb_MainMenu).
03/30/2023 23:52:48: Using steam_appid.txt
03/30/2023 23:52:48: Using steam APPID:892970
03/30/2023 23:52:48: Authentication:k_ESteamNetworkingAvailability_Current
03/30/2023 23:52:48: Steam initialized, persona:Igruha
03/30/2023 23:52:48: PlayFab custom ID set to "Steam_76561198987971986"
03/30/2023 23:52:48: Using default prefs
03/30/2023 23:52:48: Valheim version:0.214.300
03/30/2023 23:52:48: Worldgenerator version setup:2
03/30/2023 23:52:48: Render threading mode:MultiThreaded
03/30/2023 23:52:48: Missing audio clip in music respawn
03/30/2023 23:52:48: Checking for installed DLCs
03/30/2023 23:52:48: DLC:beta installed:False
03/30/2023 23:52:48: Builder started
03/30/2023 23:52:48: Loaded localization file #0 - 'localization' language: 'English'
03/30/2023 23:52:48: Loaded localization file #1 - 'localization_extra' language: 'English'
03/30/2023 23:52:48: Loaded localization file #0 - 'localization' language: 'Russian'
03/30/2023 23:52:48: Loaded localization file #1 - 'localization_extra' language: 'Russian'
03/30/2023 23:52:48: Sending PlayFab login request (attempt 1)
03/30/2023 23:52:48: Ticket is System.Byte[] of length 360
03/30/2023 23:52:48: Session auth respons callback
03/30/2023 23:52:48: Starting music menu
03/30/2023 23:52:48: UI Group status changed Menu = True

Unloading 16 unused Assets to reduce memory usage. Loaded Objects now: 140674.
Total: 77.182400 ms (FindLiveObjects: 6.045200 ms CreateObjectMapping: 13.330600 ms MarkObjects: 57.619000 ms  DeleteObjects: 0.187300 ms)

03/30/2023 23:52:49: PlayFab logged in as "Steam_76561198987971986"
03/30/2023 23:52:49: PlayFab local entity ID is E578E9ED3D4F41C4
03/30/2023 23:52:50: UI Group status changed Menu = True
03/30/2023 23:53:19: Found selected Start game
03/30/2023 23:53:19: show character selection
03/30/2023 23:53:25: There are still 1 DB files without a matching FWL file. Listing below:
03/30/2023 23:53:25: worlds/Covan_backup_auto-20230330222953.db in cloud
03/30/2023 23:53:25: Attempting to resolve potential matches...
03/30/2023 23:53:25: Found 0 matches!
03/30/2023 23:53:29: Steam writing file chunks 1 / 1, (10164 bytes)
03/30/2023 23:53:29: Local moving, old kept as backup: C:/Users/Dmytro/AppData/LocalLow/IronGate/Valheim/characters_local/dee.fch
03/30/2023 23:53:29: There are still 1 DB files without a matching FWL file. Listing below:
03/30/2023 23:53:29: worlds/Covan_backup_auto-20230330222953.db in cloud
03/30/2023 23:53:29: Attempting to resolve potential matches...
03/30/2023 23:53:29: Found 0 matches!
03/30/2023 23:53:45: show character selection
03/30/2023 23:53:45: UI Group status changed SelectCharacter = True
03/30/2023 23:53:50: OnCharacterStart
03/30/2023 23:54:29: No list saved! Aborting load operation
03/30/2023 23:54:29: No list saved! Aborting load operation
03/30/2023 23:54:29: Refresh complete 0  eNoServersListedOnMasterServer
Found PlayFab server with name: Yyyyyy
Found PlayFab server with name: Obamarealm
Found PlayFab server with name: Quebec
Found PlayFab server with name: TURDHEIM Server
Found PlayFab server with name: TheBoys3
Found PlayFab server with name: Lesfdp
Found PlayFab server with name: Boomer
Found PlayFab server with name: A Place To Die \/ pw is password
Found PlayFab server with name: asoidfhasifu
Found PlayFab server with name: Goyo server
Found PlayFab server with name: Fantasia
Found PlayFab server with name: Tahno
Found PlayFab server with name: Patofeo2
Found PlayFab server with name: [US} Gamerz Inn - Test Server
Found PlayFab server with name: Helms
Found PlayFab server with name: Revacked
Found PlayFab server with name: Cccbbb
Found PlayFab server with name: Bazar
Found PlayFab server with name: Marcus
Found PlayFab server with name: Solgin's Call
Found PlayFab server with name: Wizdom
Found PlayFab server with name: TESTETESTETESTE
Found PlayFab server with name: NewWorld
Found PlayFab server with name: RinkakeruRoom
Found PlayFab server with name: Lee504
Found PlayFab server with name: Taurusfamily1
Found PlayFab server with name: My server
Found PlayFab server with name: The Lost Fjords
Found PlayFab server with name: Notbilly
Found PlayFab server with name: Newlife
Found PlayFab server with name: GoblinCastle
Found PlayFab server with name: Apers
Found PlayFab server with name: START
Found PlayFab server with name: SMLValSnC1
Found PlayFab server with name: Yyyyy
Found PlayFab server with name: Faytree
Found PlayFab server with name: Killgay
Found PlayFab server with name: Ugandaiak
Found PlayFab server with name: Fresh
Found PlayFab server with name: Apers
Found PlayFab server with name: PITONE
Found PlayFab server with name: WW7 HQ 
Found PlayFab server with name: 406420
Found PlayFab server with name: NewBegining
Found PlayFab server with name: Goober
Found PlayFab server with name: GRODALAND
Found PlayFab server with name: Valhalla2.0
Found PlayFab server with name: MardinliSerseri
Found PlayFab server with name: Swankheim
Found PlayFab server with name: Biioworld
Found PlayFab server with name: Ubeenhere4hour
Found PlayFab server with name: shrek
Found PlayFab server with name: Girthlheim
Found PlayFab server with name: Seaphyllis
Found PlayFab server with name: NewWorld
Found PlayFab server with name: tanna
Found PlayFab server with name: HYZRS
Found PlayFab server with name: RageCage
Found PlayFab server with name: In Realm Life
Found PlayFab server with name: Jurgenworld
Found PlayFab server with name: Konoha
Found PlayFab server with name: Dj Kapsers Good Pinks
Found PlayFab server with name: FirstWorld
Found PlayFab server with name: Hammeh Server
Found PlayFab server with name: BigSpoons
Found PlayFab server with name: BOMBURWORLD
Found PlayFab server with name: jabo
Found PlayFab server with name: shalom
Found PlayFab server with name: SamoZlo
Found PlayFab server with name: Bayaqc Server
Found PlayFab server with name: LAnseauxMeadows
Found PlayFab server with name: Gay Fish Palace
Found PlayFab server with name: Bogota
Found PlayFab server with name: Vanaheimen
Found PlayFab server with name: Thefields
Found PlayFab server with name: Detdom
Found PlayFab server with name: cikolataliekmek
Found PlayFab server with name: WaynesWorld
Found PlayFab server with name: Valhalla
Found PlayFab server with name: CryptoCurrency
Found PlayFab server with name: Relict Valheim
Found PlayFab server with name: Dormand
Found PlayFab server with name: <color=#ff7b00>Homieheim</color>
Found PlayFab server with name: Ubba
Found PlayFab server with name: RoadtoOdin
Found PlayFab server with name: Devil
Found PlayFab server with name: HDS Valheim
Found PlayFab server with name: Aholville
Found PlayFab server with name: My server
Found PlayFab server with name: BenDover
Found PlayFab server with name: donkeyboyz
Found PlayFab server with name: Safeisland
Found PlayFab server with name: 111111
Found PlayFab server with name: AWORLD2
Found PlayFab server with name: caca1
Found PlayFab server with name: shittypants
Found PlayFab server with name: Torodo
Found PlayFab server with name: ToothOG
Found PlayFab server with name: Wildworld
Found PlayFab server with name: UnEuritoRenton
Found PlayFab server with name: Nigserver
Found PlayFab server with name: ChadMeadows 
Found PlayFab server with name: iDislikeCORPSE
Found PlayFab server with name: NoisetteCity
Found PlayFab server with name: Bumland2
Found PlayFab server with name: Cronheim
Found PlayFab server with name: Farnheim
Found PlayFab server with name: Take off the foofoo
Found PlayFab server with name: Bonfire Server
Found PlayFab server with name: Ameridas
Found PlayFab server with name: Xboxpals
Found PlayFab server with name: LastestChance
Found PlayFab server with name: xVALHEIMx
Found PlayFab server with name: Trololo96
Found PlayFab server with name: Dualverse
Found PlayFab server with name: Blunt
Found PlayFab server with name: Obamarealm
Found PlayFab server with name: Homemade
Found PlayFab server with name: Alanoria
Found PlayFab server with name: Kaylasworld
Found PlayFab server with name: Zeenwize
Found PlayFab server with name: Operaterji
Found PlayFab server with name: Fixed
Found PlayFab server with name: NOH20
Found PlayFab server with name: alskjdf
Found PlayFab server with name: Kazkas
Found PlayFab server with name: Bayouuuuuuuu
Found PlayFab server with name: AMYCRAW
Found PlayFab server with name: Selkath
Found PlayFab server with name: allineu
Found PlayFab server with name: SNAKEWORLD
Found PlayFab server with name: Poopoo
Found PlayFab server with name: DOLPHIN GANG
Found PlayFab server with name: HDS Valheim
Found PlayFab server with name: Philabowl1's Bisect Server
Found PlayFab server with name: Ugandaiak
Found PlayFab server with name: marco3
Found PlayFab server with name: Poopoo
Found PlayFab server with name: Searching
Found PlayFab server with name: MimSucks
Found PlayFab server with name: Thefields
Found PlayFab server with name: valleybois
Found PlayFab server with name: Homes
Found PlayFab server with name: Tester
Found PlayFab server with name: HunterBois
Found PlayFab server with name: MUNDO
Found PlayFab server with name: Thefields
Found PlayFab server with name: TheBigJuicy
Found PlayFab server with name: Valheim
Found PlayFab server with name: Ondheim
03/30/2023 23:54:37: show character selection
03/30/2023 23:54:37: UI Group status changed SelectCharacter = True
Found PlayFab server with name: Nigserver
Found PlayFab server with name: Multi
Found PlayFab server with name: Dynamite's Palace
Found PlayFab server with name: Valheimwithouti
Found PlayFab server with name: FATCAT
Found PlayFab server with name: Dragoon
Found PlayFab server with name: Nierstein
Found PlayFab server with name: Stephen's Server
Found PlayFab server with name: 00000
Found PlayFab server with name: Keletheim
Found PlayFab server with name: Kattegat
Found PlayFab server with name: OogaBoogaLand
Found PlayFab server with name: Patofeo2
Found PlayFab server with name: fovvvv
Found PlayFab server with name: Test1
Found PlayFab server with name: Melheim
Found PlayFab server with name: Terrok,Mogli,Marcopolo
Found PlayFab server with name: I LIKE TACOS
Found PlayFab server with name: Lineo
Found PlayFab server with name: invaders
Found PlayFab server with name: 1122cs
Found PlayFab server with name: Avilon
Found PlayFab server with name: Agrabah
Found PlayFab server with name: Fukdevin
Found PlayFab server with name: Poopoo
Found PlayFab server with name: Prolapsia
Found PlayFab server with name: ForPassSayNameofGame
Found PlayFab server with name: SouthFL
Found PlayFab server with name: Harrjia
Found PlayFab server with name: Hammeh Server
Found PlayFab server with name: CharandTank
Found PlayFab server with name: AWC Valheim
Found PlayFab server with name: aissadz
Found PlayFab server with name: Grogum
Found PlayFab server with name: DOUDOU1
Found PlayFab server with name: Hodheim-Server
Found PlayFab server with name: TroisRi
Found PlayFab server with name: Friendsserver2
Found PlayFab server with name: Whiterun
Found PlayFab server with name: 69069
Found PlayFab server with name: WaynesWorld
Found PlayFab server with name: Samesht
Found PlayFab server with name: JasmineBeibe
Found PlayFab server with name: bloodeagle
Found PlayFab server with name: Himmelsrand
Found PlayFab server with name: berbers
Found PlayFab server with name: CCAPLAYS
Found PlayFab server with name: Ether
Found PlayFab server with name: frictlysaggot
Found PlayFab server with name: Big T Valheim Server
03/30/2023 23:54:42: OnCharacterStart
03/30/2023 23:54:42: UI Group status changed Panel = True
03/30/2023 23:54:48: Loading main scene
Unloading 6 Unused Serialized files (Serialized files now loaded: 1)
03/30/2023 23:54:48: Cloud Save: 12 bytes. /serverlist/favorite.new
03/30/2023 23:54:48: Steam writing file chunks 1 / 1, (12 bytes)
03/30/2023 23:54:48: Steam Cloud Move: 12 bytes. /serverlist/favorite.new -> /serverlist/favorite
03/30/2023 23:54:48: Steam writing file chunks 1 / 1, (12 bytes)
03/30/2023 23:54:48: Cloud Save: 12 bytes. /serverlist/recent.new
03/30/2023 23:54:48: Steam writing file chunks 1 / 1, (12 bytes)
03/30/2023 23:54:48: Steam Cloud Move: 12 bytes. /serverlist/recent.new -> /serverlist/recent
03/30/2023 23:54:48: Steam writing file chunks 1 / 1, (12 bytes)
UnloadTime: 91.940200 ms
03/30/2023 23:54:48: Steam initialized, persona:Igruha
03/30/2023 23:54:48: PlayFab custom ID set to "Steam_76561198987971986"
03/30/2023 23:54:48: Using default prefs
03/30/2023 23:54:48: Loading player profile dee
03/30/2023 23:54:48: isModded: False
03/30/2023 23:54:48: Zonesystem Awake 7135
03/30/2023 23:54:48: DungeonDB Awake 7135
03/30/2023 23:54:48: Steam initialized, persona:Igruha
03/30/2023 23:54:48: Registering lobby
03/30/2023 23:54:48: Worldgenerator version setup:2
03/30/2023 23:54:50: Audioman already exist, destroying self
03/30/2023 23:54:50: Checking for installed DLCs
03/30/2023 23:54:50: DLC:beta installed:False

Unloading 98 unused Assets to reduce memory usage. Loaded Objects now: 143977.
Total: 89.578700 ms (FindLiveObjects: 5.358500 ms CreateObjectMapping: 13.118100 ms MarkObjects: 70.362500 ms  DeleteObjects: 0.739400 ms)

03/30/2023 23:54:54: Zonesystem Start 7135
03/30/2023 23:54:54: Added 3 locations, 0 vegetations, 0 environments, 0 biome env-setups, 0 clutter  from locations_cp1
03/30/2023 23:54:54: Added 1 locations, 0 vegetations, 1 environments, 0 biome env-setups, 0 clutter  from locations_mountaincaves
03/30/2023 23:54:54: Added 27 locations, 25 vegetations, 5 environments, 1 biome env-setups, 3 clutter  from locations_mistlands
03/30/2023 23:54:54: DungeonDB Start 7135
03/30/2023 23:54:55: ZRpc timeout set to 30s 
03/30/2023 23:54:55: Load world: Covan (Covan)
03/30/2023 23:54:55: Loading 40450 zdos , my id 3343654 data version:29
03/30/2023 23:54:55: Loaded 8312 dead zdos
03/30/2023 23:54:55: Removed 0 OLD generated ZDOS
03/30/2023 23:54:55: Loaded 10109 locations
03/30/2023 23:54:55: Unloading unused assets
Unloading 10 Unused Serialized files (Serialized files now loaded: 1)
03/30/2023 23:54:55: Starting respawn
03/30/2023 23:54:55: Session auth respons callback
03/30/2023 23:54:55: Ticket is System.Byte[] of length 360
03/30/2023 23:54:55: Lobby was created k_EResultOK  109212295925598662  error:False
03/30/2023 23:54:55: Got requested lobby data
03/30/2023 23:55:01: Unpacking compressed mapdata 8458
03/30/2023 23:55:02: tip:$loadscreen_tip24

Unloading 11 unused Assets to reduce memory usage. Loaded Objects now: 1662866.
Total: 435.926600 ms (FindLiveObjects: 75.429100 ms CreateObjectMapping: 33.970900 ms MarkObjects: 325.466800 ms  DeleteObjects: 1.059500 ms)

03/30/2023 23:55:10: Spawned after 8,019994
03/30/2023 23:55:10: Skipping unloading unused assets
03/30/2023 23:55:10: Minimap: Adding unique location (-322.2, 40.7, 57.3)
03/30/2023 23:55:38: Setting selected recipe 0
03/30/2023 23:55:38: UI Group status changed root = True
03/30/2023 23:55:38: UI Group status changed Player = True
03/30/2023 23:55:40: Setting selected recipe 3
03/30/2023 23:55:49: Valid True
03/30/2023 23:55:49: On death False
03/30/2023 23:55:50: Loading dungeon
03/30/2023 23:55:50: Dungeon loaded 10
03/30/2023 23:55:50: Dungeon load time 36,6173 ms
03/30/2023 23:55:52: Spawned Boar x 1
03/30/2023 23:55:52: Spawned Fish1 x 3
03/30/2023 23:55:52: Spawned Fish2 x 3
03/30/2023 23:56:16: Spawned Neck x 3
03/30/2023 23:56:34: Force generaeting hmap (-448.0, 0.0, -128.0)
03/30/2023 23:56:47: Setting selected recipe 0
03/30/2023 23:56:47: UI Group status changed root = True
03/30/2023 23:56:47: UI Group status changed Player = True
03/30/2023 23:56:52: Drop item $item_axe_stone
03/30/2023 23:56:52: drop all 1  1
03/30/2023 23:56:52: Setting selected recipe 0
03/30/2023 23:56:55: Setting selected recipe 0
03/30/2023 23:56:58: Setting selected recipe 0
03/30/2023 23:56:58: UI Group status changed root = True
03/30/2023 23:56:58: UI Group status changed Player = True
03/30/2023 23:57:00: Setting selected recipe 3
03/30/2023 23:57:03: Setting selected recipe 3
03/30/2023 23:57:06: Setting selected recipe 3
03/30/2023 23:57:18: Uncompressed size 8388657
03/30/2023 23:57:18: Compressed size 8458
saving started
03/30/2023 23:57:18: Cloud Save: 10263 bytes. /characters/dee.fch.new
03/30/2023 23:57:18: Steam writing file chunks 1 / 1, (10263 bytes)
03/30/2023 23:57:18: Steam Cloud Move: 10164 bytes. /characters/dee.fch -> /characters/dee.fch.old
03/30/2023 23:57:18: Steam writing file chunks 1 / 1, (10164 bytes)
03/30/2023 23:57:18: Steam Cloud Move: 10263 bytes. /characters/dee.fch.new -> /characters/dee.fch
03/30/2023 23:57:18: Steam writing file chunks 1 / 1, (10263 bytes)
03/30/2023 23:57:18: Considering autobackup. World time: 134,12, short time: 7200, long time: 43200, backup count: 10
03/30/2023 23:57:18: Skipping backup. World session not long enough.
saving finished
03/30/2023 23:57:18: clone 66
03/30/2023 23:57:18: World save writing starting
03/30/2023 23:57:18: World save writing started
03/30/2023 23:57:18: Saved 40454 zdos
03/30/2023 23:57:18: World save writing finishing
03/30/2023 23:57:18: Cloud Save: 4832131 bytes. /worlds/Covan.db
03/30/2023 23:57:18: Steam writing file chunks 1 / 1, (4832131 bytes)
03/30/2023 23:57:18: World save writing finished
03/30/2023 23:57:18: Cloud Save: 39 bytes. /worlds/Covan.fwl.new
03/30/2023 23:57:18: Steam writing file chunks 1 / 1, (39 bytes)
03/30/2023 23:57:18: Steam Cloud Move: 39 bytes. /worlds/Covan.fwl -> /worlds/Covan.fwl.old
03/30/2023 23:57:18: Steam writing file chunks 1 / 1, (39 bytes)
03/30/2023 23:57:18: Steam Cloud Move: 39 bytes. /worlds/Covan.fwl.new -> /worlds/Covan.fwl
03/30/2023 23:57:18: Steam writing file chunks 1 / 1, (39 bytes)
03/30/2023 23:57:18: Considering autobackup. World time: 134,12, short time: 7200, long time: 43200, backup count: 10
03/30/2023 23:57:18: Skipping backup. World session not long enough.
03/30/2023 23:57:18: World saved ( 201,9073ms )
03/30/2023 23:57:18: Considering autobackup. World time: 134,12, short time: 7200, long time: 43200, backup count: 10
03/30/2023 23:57:18: Skipping backup. World session not long enough.
03/30/2023 23:57:28: Skipping unloading unused assets
03/30/2023 23:57:37: Found selected Continue
03/30/2023 23:57:45: DiscoverClosestLocation
03/30/2023 23:57:45: Found location of type Eikthyrnir
03/30/2023 23:57:50: Setting selected recipe 3
03/30/2023 23:57:50: UI Group status changed root = True
03/30/2023 23:57:50: UI Group status changed Player = True
03/30/2023 23:57:53: Starting music morning
03/30/2023 23:58:09: Setting selected recipe 3
03/30/2023 23:58:09: UI Group status changed root = True
03/30/2023 23:58:09: UI Group status changed Player = True
03/30/2023 23:58:11: Setting selected recipe 3
03/30/2023 23:58:11: UI Group status changed root = True
03/30/2023 23:58:11: UI Group status changed Player = True
03/30/2023 23:58:20: Loading dungeon
03/30/2023 23:58:20: Dungeon loaded 29
03/30/2023 23:58:20: Dungeon load time 15,6798 ms
03/30/2023 23:58:20: Spawned Neck x 0
03/30/2023 23:58:25: Force generaeting hmap (-448.0, 0.0, -128.0)
03/30/2023 23:58:27: Starting music meadows
03/30/2023 23:58:27: Resumed music meadows at 0
03/30/2023 23:59:01: Loading dungeon
03/30/2023 23:59:01: Dungeon loaded 28
03/30/2023 23:59:01: Dungeon load time 13,4442 ms
03/30/2023 23:59:19: Spawned Greyling x 1
03/30/2023 23:59:37: Player 3343654 wants to open Player_tombstone(Clone)   im: 3343654
03/30/2023 23:59:37: Setting selected recipe 3
03/30/2023 23:59:37: UI Group status changed root = True
03/30/2023 23:59:37: UI Group status changed Player = True
03/30/2023 23:59:37: UI Group status changed Container = False
03/30/2023 23:59:38: Queue unlock msg:$msg_newmaterial:$item_deer_meat
03/30/2023 23:59:38: Queue unlock msg:$msg_newmaterial:$item_deerhide
03/30/2023 23:59:45: Queue unlock msg:$msg_newstation:$piece_workbench
03/30/2023 23:59:45: Queue unlock msg:$msg_newrecipe:$item_chest_rags
03/30/2023 23:59:45: Queue unlock msg:$msg_newrecipe:$item_legs_rags
03/30/2023 23:59:45: Queue unlock msg:$msg_newrecipe:$item_arrow_wood
03/30/2023 23:59:45: Queue unlock msg:$msg_newrecipe:$item_axe_flint
03/30/2023 23:59:45: Queue unlock msg:$msg_newrecipe:$item_bow
03/30/2023 23:59:45: Queue unlock msg:$msg_newrecipe:$item_hoe
03/30/2023 23:59:45: Queue unlock msg:$msg_newrecipe:$item_knife_flint
03/30/2023 23:59:45: Queue unlock msg:$msg_newrecipe:$item_shield_wood
03/30/2023 23:59:45: Queue unlock msg:$msg_newrecipe:$item_shield_woodtower
03/30/2023 23:59:45: Queue unlock msg:$msg_newrecipe:$item_spear_flint
03/30/2023 23:59:45: Queue unlock msg:$msg_newpiece:$piece_workbench_ext1
03/30/2023 23:59:45: Queue unlock msg:$msg_newpiece:$piece_workbench_ext2
03/30/2023 23:59:45: Queue unlock msg:$msg_newpiece:$piece_woodfloor1x1
03/30/2023 23:59:45: Queue unlock msg:$msg_newpiece:$piece_woodfloor2x2
03/30/2023 23:59:45: Queue unlock msg:$msg_newpiece:$piece_woodstair
03/30/2023 23:59:45: Queue unlock msg:$msg_newpiece:$piece_woodstepladder
03/30/2023 23:59:45: Queue unlock msg:$msg_newpiece:$piece_woodwallquarter
03/30/2023 23:59:45: Queue unlock msg:$msg_newpiece:$piece_woodwallhalf
03/30/2023 23:59:45: Queue unlock msg:$msg_newpiece:$piece_woodwall
03/30/2023 23:59:45: Queue unlock msg:$msg_newpiece:$piece_woodwallroof
03/30/2023 23:59:45: Queue unlock msg:$msg_newpiece:$piece_woodwallroof_upsidedown
03/30/2023 23:59:45: Queue unlock msg:$msg_newpiece:$piece_woodwallrooftop
03/30/2023 23:59:45: Queue unlock msg:$msg_newpiece:$piece_woodwallroof45
03/30/2023 23:59:45: Queue unlock msg:$msg_newpiece:$piece_woodwallroof45_upsidedown
03/30/2023 23:59:45: Queue unlock msg:$msg_newpiece:$piece_woodwallrooftop45
03/30/2023 23:59:45: Queue unlock msg:$msg_newpiece:$piece_woodroof26
03/30/2023 23:59:45: Queue unlock msg:$msg_newpiece:$piece_woodrooftop
03/30/2023 23:59:45: Queue unlock msg:$msg_newpiece:$piece_woodroofocorner
03/30/2023 23:59:45: Queue unlock msg:$msg_newpiece:$piece_woodrooficorner
03/30/2023 23:59:45: Queue unlock msg:$msg_newpiece:$piece_woodroof45
03/30/2023 23:59:45: Queue unlock msg:$msg_newpiece:$piece_woodrooftop45
03/30/2023 23:59:45: Queue unlock msg:$msg_newpiece:$piece_woodroofocorner45
03/30/2023 23:59:45: Queue unlock msg:$msg_newpiece:$piece_woodrooficorner45
03/30/2023 23:59:45: Queue unlock msg:$msg_newpiece:$piece_woodpole
03/30/2023 23:59:45: Queue unlock msg:$msg_newpiece:$piece_woodpole2
03/30/2023 23:59:45: Queue unlock msg:$msg_newpiece:$piece_woodbeam1
03/30/2023 23:59:45: Queue unlock msg:$msg_newpiece:$piece_woodbeam2
03/30/2023 23:59:45: Queue unlock msg:$msg_newpiece:$piece_woodbeam26
03/30/2023 23:59:45: Queue unlock msg:$msg_newpiece:$piece_woodbeam45
03/30/2023 23:59:45: Queue unlock msg:$msg_newpiece:$piece_wooddoor
03/30/2023 23:59:45: Queue unlock msg:$msg_newpiece:$piece_woodgate
03/30/2023 23:59:45: Queue unlock msg:$msg_newpiece:$piece_woodfence
03/30/2023 23:59:45: Queue unlock msg:$msg_newpiece:$piece_stakewall
03/30/2023 23:59:45: Queue unlock msg:$msg_newpiece:$piece_bed
03/30/2023 23:59:45: Queue unlock msg:$msg_newpiece:$piece_chestwood
03/30/2023 23:59:45: Queue unlock msg:$msg_newpiece:$piece_groundtorchwood
03/30/2023 23:59:45: Queue unlock msg:$msg_newpiece:$ship_raft
03/30/2023 23:59:45: Queue unlock msg:$msg_newpiece:$piece_rug_deer
03/30/2023 23:59:49: Update PlayFab entity token
03/31/2023 00:00:57: Setting selected recipe 3
03/31/2023 00:00:57: UI Group status changed root = True
03/31/2023 00:00:57: UI Group status changed Player = True
03/31/2023 00:01:09: Starting respawn
03/31/2023 00:01:09: Local player destroyed
03/31/2023 00:01:09: tip:$loadscreen_tip18
03/31/2023 00:01:12: Skipping unloading unused assets
03/31/2023 00:01:12: Spawned Greyling x 1
03/31/2023 00:01:19: Stopped music meadows at 7593196
03/31/2023 00:01:19: Starting music meadows
03/31/2023 00:01:19: Resumed music meadows at 7593196
03/31/2023 00:02:19: Setting selected recipe 3
03/31/2023 00:02:19: UI Group status changed root = True
03/31/2023 00:02:19: UI Group status changed Player = True
03/31/2023 00:02:26: UI Group status changed MenuRoot = True
03/31/2023 00:02:27: Current res 1920x1080     1920x1080
03/31/2023 00:02:27: UI Group status changed MenuRoot = False
03/31/2023 00:02:27: Found selected Settings
03/31/2023 00:02:34: UI Group status changed MenuRoot = True
03/31/2023 00:02:34: Found selected Continue
03/31/2023 00:02:37: Found selected Continue
03/31/2023 00:02:42: Loading dungeon
03/31/2023 00:02:42: Dungeon loaded 29
03/31/2023 00:02:42: Dungeon load time 15,6838 ms
03/31/2023 00:03:03: Loading dungeon
03/31/2023 00:03:03: Dungeon loaded 29
03/31/2023 00:03:03: Dungeon load time 15,6639 ms
03/31/2023 00:03:13: Force generaeting hmap (-448.0, 0.0, -128.0)
03/31/2023 00:03:17: Loading dungeon
03/31/2023 00:03:17: Dungeon loaded 29
03/31/2023 00:03:17: Dungeon load time 15,6497 ms
03/31/2023 00:03:37: Spawned Greyling x 1
03/31/2023 00:03:40: Loading dungeon
03/31/2023 00:03:40: Dungeon loaded 28
03/31/2023 00:03:40: Dungeon load time 13,4648 ms
03/31/2023 00:04:03: Setting selected recipe 3
03/31/2023 00:04:03: UI Group status changed root = True
03/31/2023 00:04:03: UI Group status changed Player = True
03/31/2023 00:04:08: Queue unlock msg:$msg_newmaterial:$item_greydwarfeye
03/31/2023 00:04:11: Player 3343654 wants to open Player_tombstone(Clone)   im: 3343654
03/31/2023 00:04:11: Setting selected recipe 0
03/31/2023 00:04:11: UI Group status changed root = True
03/31/2023 00:04:11: UI Group status changed Player = True
03/31/2023 00:04:12: Queue unlock msg:$msg_newitem:$item_club
03/31/2023 00:04:12: Queue unlock msg:$msg_newmaterial:$item_beechseeds
03/31/2023 00:04:12: Queue unlock msg:$msg_newmaterial:$item_feathers
03/31/2023 00:04:12: Queue unlock msg:$msg_newitem:$item_raspberries
03/31/2023 00:04:12: Queue unlock msg:$msg_newitem:$item_boar_meat_cooked
03/31/2023 00:04:15: Player 3343654 wants to open Player_tombstone(Clone)   im: 3343654
03/31/2023 00:04:15: Setting selected recipe 1
03/31/2023 00:04:15: UI Group status changed root = True
03/31/2023 00:04:15: UI Group status changed Player = True
03/31/2023 00:04:26: Valid True
03/31/2023 00:04:26: On death False
03/31/2023 00:04:29: Setting selected recipe 3
03/31/2023 00:04:29: UI Group status changed root = True
03/31/2023 00:04:29: UI Group status changed Player = True
03/31/2023 00:04:57: Disabling collider_block  blocker
03/31/2023 00:04:59: Placed piece_cookingstation
03/31/2023 00:04:59: Disabling collider_block  blocker
03/31/2023 00:05:12: Disabling collider_block  blocker
03/31/2023 00:05:25: Placed stone_pile
03/31/2023 00:05:51: Setting selected recipe 3
03/31/2023 00:05:51: UI Group status changed root = True
03/31/2023 00:05:51: UI Group status changed Player = True
03/31/2023 00:05:58: Added to stack50 33
03/31/2023 00:06:00: Setting selected recipe 3
03/31/2023 00:06:14: Placed wood_stack
03/31/2023 00:06:24: Setting selected recipe 3
03/31/2023 00:06:24: UI Group status changed root = True
03/31/2023 00:06:24: UI Group status changed Player = True
03/31/2023 00:06:59: Placed wood_floor
03/31/2023 00:07:01: Placed wood_floor
03/31/2023 00:07:06: Placed wood_floor
03/31/2023 00:07:40: Queue unlock msg:$msg_newitem:$item_necktailgrilled
03/31/2023 00:07:48: Setting selected recipe 3
03/31/2023 00:07:48: UI Group status changed root = True
03/31/2023 00:07:48: UI Group status changed Player = True
03/31/2023 00:08:07: Queue unlock msg:$msg_newitem:$item_deer_meat_cooked
03/31/2023 00:08:46: Placed wood_floor
03/31/2023 00:08:51: Placed wood_floor
03/31/2023 00:09:01: Placed wood_floor
03/31/2023 00:09:20: Placed wood_floor
03/31/2023 00:09:24: Placed wood_floor
03/31/2023 00:09:33: Placed wood_floor
03/31/2023 00:09:49: Placed wood_pole2
03/31/2023 00:10:05: Placed wood_pole2
03/31/2023 00:10:15: Placed wood_pole2
03/31/2023 00:10:19: Placed wood_pole2
03/31/2023 00:10:43: Placed wood_pole2
03/31/2023 00:11:09: Placed wood_pole2
03/31/2023 00:11:13: Placed wood_pole2
03/31/2023 00:11:36: Disabling collider_block  blocker
03/31/2023 00:11:37: Disabling PlayerBase  character_trigger
03/31/2023 00:12:03: Placed piece_workbench
03/31/2023 00:12:03: Disabling PlayerBase  character_trigger
03/31/2023 00:12:07: Disabling PlayerBase  character_trigger
03/31/2023 00:12:46: Disabling PlayerBase  character_trigger
03/31/2023 00:12:48: Disabling PlayerBase  character_trigger
03/31/2023 00:13:09: Disabling PlayerBase  character_trigger
03/31/2023 00:13:10: Disabling PlayerBase  character_trigger
03/31/2023 00:13:12: Disabling PlayerBase  character_trigger
03/31/2023 00:13:41: Placed piece_workbench
03/31/2023 00:13:41: Disabling PlayerBase  character_trigger
03/31/2023 00:14:01: Disabling PlayerBase  character_trigger
03/31/2023 00:14:27: Disabling jump_trigger  character_trigger
03/31/2023 00:14:27: Disabling jump_trigger (1)  character_trigger
03/31/2023 00:14:27: Disabling jump_trigger (2)  character_trigger
03/31/2023 00:15:02: Placed wood_stair
03/31/2023 00:15:30: Placed wood_stair
03/31/2023 00:15:34: Placed wood_stair
03/31/2023 00:16:04: Rel vel 9,77832
03/31/2023 00:16:09: Setting selected recipe 0
03/31/2023 00:16:09: UI Group status changed root = True
03/31/2023 00:16:09: UI Group status changed Player = True
03/31/2023 00:16:44: Setting selected recipe 3
03/31/2023 00:16:44: UI Group status changed root = True
03/31/2023 00:16:44: UI Group status changed Player = True
03/31/2023 00:16:47: Drop item $item_axe_stone
03/31/2023 00:16:47: drop all 1  1
03/31/2023 00:16:47: Setting selected recipe 3
03/31/2023 00:16:49: Setting selected recipe 3
03/31/2023 00:17:06: Starting respawn
03/31/2023 00:17:06: Local player destroyed
03/31/2023 00:17:06: tip:$loadscreen_tip16
03/31/2023 00:17:08: Unloading unused assets
Unloading 2 Unused Serialized files (Serialized files now loaded: 1)

Unloading 8799 unused Assets to reduce memory usage. Loaded Objects now: 1743622.
Total: 527.097300 ms (FindLiveObjects: 103.475300 ms CreateObjectMapping: 35.221900 ms MarkObjects: 368.965900 ms  DeleteObjects: 19.433900 ms)

03/31/2023 00:17:09: Spawned Greyling x 1
03/31/2023 00:17:16: Stopped music meadows at 1247846
03/31/2023 00:17:16: Starting music meadows
03/31/2023 00:17:16: Resumed music meadows at 1247846
03/31/2023 00:17:22: Loading dungeon
03/31/2023 00:17:22: Dungeon loaded 29
03/31/2023 00:17:22: Dungeon load time 16,9572 ms
03/31/2023 00:17:24: Force generaeting hmap (-448.0, 0.0, -128.0)
03/31/2023 00:17:25: Spawned Neck x 1
03/31/2023 00:17:41: Spawned Greyling x 1
03/31/2023 00:17:43: Loading dungeon
03/31/2023 00:17:43: Dungeon loaded 28
03/31/2023 00:17:43: Dungeon load time 13,2267 ms
03/31/2023 00:17:56: Grave should fit in inventory, loot all
03/31/2023 00:17:56: Player 3343654 wants to takeall from Player_tombstone(Clone)   im: 3343654
03/31/2023 00:18:19: Spawned Greyling x 1
03/31/2023 00:18:23: Setting selected recipe 3
03/31/2023 00:18:23: UI Group status changed root = True
03/31/2023 00:18:23: UI Group status changed Player = True
03/31/2023 00:18:26: Drop item $item_axe_stone
03/31/2023 00:18:26: drop all 1  1
03/31/2023 00:18:26: Setting selected recipe 3
03/31/2023 00:18:34: Setting selected recipe 3
03/31/2023 00:18:34: UI Group status changed root = True
03/31/2023 00:18:34: UI Group status changed Player = True
03/31/2023 00:18:37: Setting selected recipe 3
03/31/2023 00:18:41: Setting selected recipe 3
03/31/2023 00:18:42: Setting selected recipe 3
03/31/2023 00:18:48: UI Group status changed MenuRoot = True
03/31/2023 00:18:49: Uncompressed size 8388735
03/31/2023 00:18:49: Compressed size 8542
saving started
03/31/2023 00:18:49: Cloud Save: 12212 bytes. /characters/dee.fch.new
03/31/2023 00:18:49: Steam writing file chunks 1 / 1, (12212 bytes)
03/31/2023 00:18:49: Steam Cloud Move: 10263 bytes. /characters/dee.fch -> /characters/dee.fch.old
03/31/2023 00:18:49: Steam writing file chunks 1 / 1, (10263 bytes)
03/31/2023 00:18:49: Steam Cloud Move: 12212 bytes. /characters/dee.fch.new -> /characters/dee.fch
03/31/2023 00:18:49: Steam writing file chunks 1 / 1, (12212 bytes)
03/31/2023 00:18:49: Considering autobackup. World time: 1392,7, short time: 7200, long time: 43200, backup count: 10
03/31/2023 00:18:49: Creating second autobackup for reference
03/31/2023 00:18:49: Saving backup at: \characters\dee_backup_auto-20230331001849.fch
03/31/2023 00:18:49: Cloud Copy: 12212 bytes. /characters/dee.fch -> \characters\dee_backup_auto-20230331001849.fch
03/31/2023 00:18:49: Steam writing file chunks 1 / 1, (12212 bytes)
saving finished
03/31/2023 00:18:49: clone 64
03/31/2023 00:18:49: World save writing starting
03/31/2023 00:18:49: World save writing started
03/31/2023 00:18:50: Saved 40460 zdos
03/31/2023 00:18:50: World save writing finishing
03/31/2023 00:18:50: Cloud Save: 4861247 bytes. /worlds/Covan.db
03/31/2023 00:18:50: Steam writing file chunks 1 / 1, (4861247 bytes)
03/31/2023 00:18:50: World save writing finished
03/31/2023 00:18:50: Cloud Save: 39 bytes. /worlds/Covan.fwl.new
03/31/2023 00:18:50: Steam writing file chunks 1 / 1, (39 bytes)
03/31/2023 00:18:50: Steam Cloud Move: 39 bytes. /worlds/Covan.fwl -> /worlds/Covan.fwl.old
03/31/2023 00:18:50: Steam writing file chunks 1 / 1, (39 bytes)
03/31/2023 00:18:50: Steam Cloud Move: 39 bytes. /worlds/Covan.fwl.new -> /worlds/Covan.fwl
03/31/2023 00:18:50: Steam writing file chunks 1 / 1, (39 bytes)
03/31/2023 00:18:50: Considering autobackup. World time: 1392,7, short time: 7200, long time: 43200, backup count: 10
03/31/2023 00:18:50: Creating second autobackup for reference
03/31/2023 00:18:50: Saving backup at: \worlds\Covan_backup_auto-20230331001849.fwl
03/31/2023 00:18:50: Cloud Copy: 39 bytes. /worlds/Covan.fwl -> \worlds\Covan_backup_auto-20230331001849.fwl
03/31/2023 00:18:50: Steam writing file chunks 1 / 1, (39 bytes)
03/31/2023 00:18:50: World saved ( 246,7296ms )
03/31/2023 00:18:50: Considering autobackup. World time: 1392,7, short time: 7200, long time: 43200, backup count: 10
03/31/2023 00:18:50: No autobackup needed yet...
03/31/2023 00:18:55: Skipping unloading unused assets
03/31/2023 00:19:26: Found selected Exit
03/31/2023 00:19:37: Loading dungeon
03/31/2023 00:19:37: Dungeon loaded 29
03/31/2023 00:19:37: Dungeon load time 16,4542 ms
03/31/2023 00:19:42: Starting music evening
03/31/2023 00:19:43: Stopped music meadows at 7739365
03/31/2023 00:19:51: Player 3343654 wants to open Player_tombstone(Clone)   im: 3343654
03/31/2023 00:19:51: Setting selected recipe 3
03/31/2023 00:19:51: UI Group status changed root = True
03/31/2023 00:19:51: UI Group status changed Player = True
03/31/2023 00:19:52: Added to stack18 0
03/31/2023 00:19:52: Added to stack25 0
03/31/2023 00:20:16: Loading dungeon
03/31/2023 00:20:16: Dungeon loaded 28
03/31/2023 00:20:16: Dungeon load time 13,4727 ms
03/31/2023 00:20:18: Update PlayFab entity token
03/31/2023 00:21:18: Setting selected recipe 3
03/31/2023 00:21:18: UI Group status changed root = True
03/31/2023 00:21:18: UI Group status changed Player = True
03/31/2023 00:21:25: Spawned Deer x 1
03/31/2023 00:21:25: Spawned Boar x 1
03/31/2023 00:22:27: Disabling PlayerBase  character_trigger
03/31/2023 00:22:30: Disabling collider_block  blocker
03/31/2023 00:22:36: Placed piece_cookingstation
03/31/2023 00:22:36: Disabling collider_block  blocker
03/31/2023 00:22:51: Setting selected recipe 3
03/31/2023 00:22:51: UI Group status changed root = True
03/31/2023 00:22:51: UI Group status changed Player = True
03/31/2023 00:23:20: Disabling collider_block  blocker
03/31/2023 00:23:33: Placed wood_stair
03/31/2023 00:23:37: Placed wood_stair
03/31/2023 00:23:45: Placed wood_wall_half
03/31/2023 00:24:21: Placed wood_floor
03/31/2023 00:24:24: Placed wood_floor
03/31/2023 00:24:27: Placed wood_floor
03/31/2023 00:24:36: Placed wood_floor
03/31/2023 00:24:59: Placed wood_wall_half
03/31/2023 00:25:02: Placed wood_wall_half
03/31/2023 00:25:06: Placed wood_wall_half
03/31/2023 00:25:08: Placed wood_wall_half
03/31/2023 00:25:10: Placed wood_wall_half
03/31/2023 00:25:13: Placed wood_wall_half
03/31/2023 00:25:14: Placed wood_wall_half
03/31/2023 00:25:17: Placed wood_wall_half
03/31/2023 00:25:28: Placed wood_wall_half
03/31/2023 00:25:30: Placed wood_wall_half
03/31/2023 00:25:41: Placed wood_pole2
03/31/2023 00:25:43: Placed wood_pole2
03/31/2023 00:25:49: Setting selected recipe 3
03/31/2023 00:25:49: UI Group status changed root = True
03/31/2023 00:25:49: UI Group status changed Player = True
03/31/2023 00:25:51: Item is not in this container
03/31/2023 00:25:51: Setting selected recipe 3
03/31/2023 00:25:54: Drop item $item_hammer
03/31/2023 00:25:54: drop all 1  1
03/31/2023 00:25:54: Setting selected recipe 3
03/31/2023 00:26:22: Placed wood_beam
03/31/2023 00:26:24: Placed wood_beam
03/31/2023 00:26:29: Placed wood_roof_top_45
03/31/2023 00:26:43: Placed wood_pole2
03/31/2023 00:26:46: Placed wood_pole2
03/31/2023 00:27:15: Placed wood_beam
03/31/2023 00:27:25: Placed wood_pole2
03/31/2023 00:28:17: Placed wood_stair
03/31/2023 00:28:25: Placed wood_pole2
03/31/2023 00:28:44: Starting music morning
03/31/2023 00:28:56: Placed wood_pole2
03/31/2023 00:29:17: Starting music meadows
03/31/2023 00:29:24: Disabling PlayerBase  character_trigger
03/31/2023 00:29:26: Disabling collider_block  blocker
03/31/2023 00:29:32: Disabling collider_block  blocker
03/31/2023 00:29:45: Disabling PlayerBase  character_trigger
03/31/2023 00:30:34: Spawned Greyling x 1
03/31/2023 00:31:43: Disabling PlayerBase  character_trigger
03/31/2023 00:31:51: Placed bed
03/31/2023 00:31:51: Disabling PlayerBase  character_trigger
03/31/2023 00:32:06: Placed piece_chest_wood
03/31/2023 00:32:09: Placed piece_chest_wood
03/31/2023 00:32:56: Setting selected recipe 3
03/31/2023 00:32:56: UI Group status changed root = True
03/31/2023 00:32:56: UI Group status changed Player = True
03/31/2023 00:34:10: Placed piece_chest_wood
03/31/2023 00:34:22: Disabling PlayerBase  character_trigger
03/31/2023 00:34:36: Placed wood_wall_half
03/31/2023 00:34:38: Placed wood_wall_half
03/31/2023 00:34:42: Placed wood_wall_half
03/31/2023 00:34:46: Placed wood_wall_half
03/31/2023 00:34:52: Placed wood_wall_half
03/31/2023 00:34:56: Placed wood_wall_half
03/31/2023 00:34:58: Placed wood_wall_half
03/31/2023 00:35:04: Placed wood_wall_half
03/31/2023 00:35:19: Placed wood_door
03/31/2023 00:35:34: Placed wood_pole2
03/31/2023 00:35:37: Placed wood_pole2
03/31/2023 00:35:38: Spawned Greyling x 1
03/31/2023 00:35:41: Placed wood_pole2
03/31/2023 00:36:38: Setting selected recipe 3
03/31/2023 00:36:38: UI Group status changed root = True
03/31/2023 00:36:38: UI Group status changed Player = True
03/31/2023 00:36:40: Drop item $item_axe_stone
03/31/2023 00:36:40: drop all 1  1
03/31/2023 00:36:40: Setting selected recipe 3
03/31/2023 00:36:42: Setting selected recipe 3
03/31/2023 00:37:48: Update PlayFab entity token
03/31/2023 00:38:21: Spawned Greydwarf x 2
03/31/2023 00:38:21: Spawned Greyling x 1
03/31/2023 00:38:24: Valid True
03/31/2023 00:38:24: On death False
03/31/2023 00:38:26: Im still nto the owner
03/31/2023 00:38:26: Im still nto the owner
03/31/2023 00:38:26: Im still nto the owner
03/31/2023 00:38:26: Im still nto the owner
03/31/2023 00:38:26: Im finally the owner
03/31/2023 00:38:34: Im still nto the owner
03/31/2023 00:38:35: Im still nto the owner
03/31/2023 00:38:35: Im still nto the owner
03/31/2023 00:38:35: Im still nto the owner
03/31/2023 00:38:35: Im finally the owner
03/31/2023 00:38:38: Im finally the owner
03/31/2023 00:38:40: Setting selected recipe 3
03/31/2023 00:38:40: UI Group status changed root = True
03/31/2023 00:38:40: UI Group status changed Player = True
03/31/2023 00:39:03: Setting selected recipe 3
03/31/2023 00:39:03: UI Group status changed root = True
03/31/2023 00:39:03: UI Group status changed Player = True
03/31/2023 00:39:08: Setting selected recipe 3
03/31/2023 00:39:08: UI Group status changed root = True
03/31/2023 00:39:08: UI Group status changed Player = True
03/31/2023 00:39:12: Setting selected recipe 3
03/31/2023 00:39:12: UI Group status changed root = True
03/31/2023 00:39:12: UI Group status changed Player = True
03/31/2023 00:39:47: Player 3343654 wants to open piece_chest_wood(Clone)   im: 3343654
03/31/2023 00:39:47: Setting selected recipe 3
03/31/2023 00:39:47: UI Group status changed root = True
03/31/2023 00:39:47: UI Group status changed Player = True
03/31/2023 00:39:51: Setting selected recipe 3
03/31/2023 00:39:54: Setting selected recipe 3
03/31/2023 00:39:58: Setting selected recipe 3
03/31/2023 00:40:00: Setting selected recipe 3
03/31/2023 00:40:02: Setting selected recipe 3
03/31/2023 00:40:04: Added to stack50 1
03/31/2023 00:40:05: Setting selected recipe 3
03/31/2023 00:40:06: Setting selected recipe 3
03/31/2023 00:40:08: Setting selected recipe 3
03/31/2023 00:40:10: Setting selected recipe 3
03/31/2023 00:40:12: Setting selected recipe 3
03/31/2023 00:40:13: Setting selected recipe 3
03/31/2023 00:40:15: Setting selected recipe 3
03/31/2023 00:40:21: Setting selected recipe 3
03/31/2023 00:40:22: Setting selected recipe 3
03/31/2023 00:40:25: Setting selected recipe 3
03/31/2023 00:40:26: Added to stack50 1
03/31/2023 00:40:28: Setting selected recipe 3
03/31/2023 00:40:36: Setting selected recipe 3
03/31/2023 00:40:37: UI Group status changed root = False
03/31/2023 00:40:37: UI Group status changed Player = False
03/31/2023 00:40:39: UI Group status changed root = True
03/31/2023 00:40:39: UI Group status changed Player = True
03/31/2023 00:40:40: Setting selected recipe 3
03/31/2023 00:40:43: Added to stack26 0
03/31/2023 00:40:43: Setting selected recipe 3
03/31/2023 00:41:10: Placed wood_door
03/31/2023 00:41:15: Placed wood_door
03/31/2023 00:41:28: Placed wood_pole2
03/31/2023 00:41:36: Placed woodwall
03/31/2023 00:41:41: Placed woodwall
03/31/2023 00:41:50: Placed woodwall
03/31/2023 00:42:11: Placed woodwall
03/31/2023 00:42:23: Placed woodwall
03/31/2023 00:42:25: Placed woodwall
03/31/2023 00:42:30: Placed woodwall
03/31/2023 00:42:36: Placed woodwall
03/31/2023 00:42:43: Placed woodwall
03/31/2023 00:42:46: Placed woodwall
03/31/2023 00:42:55: Placed woodwall
03/31/2023 00:43:02: Placed woodwall
03/31/2023 00:43:43: Setting selected recipe 3
03/31/2023 00:43:43: UI Group status changed root = True
03/31/2023 00:43:43: UI Group status changed Player = True
03/31/2023 00:43:50: Placed wood_wall_half
03/31/2023 00:43:53: Placed wood_wall_half
03/31/2023 00:44:23: Placed wood_wall_half
03/31/2023 00:44:26: Placed wood_wall_half
03/31/2023 00:44:53: Placed wood_pole
03/31/2023 00:45:46: Spawned Greyling x 1
03/31/2023 00:46:00: Has no creator
03/31/2023 00:46:05: Possible events:1
03/31/2023 00:46:05: Random event set:army_eikthyr
03/31/2023 00:46:05: Starting music CombatEventL1
03/31/2023 00:46:06: Spawned Neck x 1
03/31/2023 00:46:06: Spawned Neck x 1
03/31/2023 00:46:06: Spawned Boar x 1
03/31/2023 00:46:06: Spawned Boar x 1
03/31/2023 00:46:09: Stopped music meadows at 5767381
03/31/2023 00:46:54: Spawned Neck x 1
03/31/2023 00:47:40: Stopped music CombatEventL1 at 110229
03/31/2023 00:47:40: Starting music meadows
03/31/2023 00:47:40: Resumed music meadows at 5767381
03/31/2023 00:48:18: Placed wood_roof
03/31/2023 00:48:43: Placed wood_beam_1
03/31/2023 00:48:50: Uncompressed size 8388735
03/31/2023 00:48:50: Compressed size 8539
saving started
03/31/2023 00:48:50: Cloud Save: 11764 bytes. /characters/dee.fch.new
03/31/2023 00:48:50: Steam writing file chunks 1 / 1, (11764 bytes)
03/31/2023 00:48:50: Steam Cloud Move: 12212 bytes. /characters/dee.fch -> /characters/dee.fch.old
03/31/2023 00:48:50: Steam writing file chunks 1 / 1, (12212 bytes)
03/31/2023 00:48:50: Steam Cloud Move: 11764 bytes. /characters/dee.fch.new -> /characters/dee.fch
03/31/2023 00:48:50: Steam writing file chunks 1 / 1, (11764 bytes)
03/31/2023 00:48:50: Considering autobackup. World time: 3156,54, short time: 7200, long time: 43200, backup count: 10
03/31/2023 00:48:50: No autobackup needed yet...
saving finished
03/31/2023 00:48:50: clone 62
03/31/2023 00:48:50: World save writing starting
03/31/2023 00:48:50: World save writing started
03/31/2023 00:48:50: Saved 40474 zdos
03/31/2023 00:48:50: World save writing finishing
03/31/2023 00:48:50: Cloud Save: 4909796 bytes. /worlds/Covan.db
03/31/2023 00:48:50: Steam writing file chunks 1 / 1, (4909796 bytes)
03/31/2023 00:48:50: World save writing finished
03/31/2023 00:48:50: Cloud Save: 39 bytes. /worlds/Covan.fwl.new
03/31/2023 00:48:50: Steam writing file chunks 1 / 1, (39 bytes)
03/31/2023 00:48:50: Steam Cloud Move: 39 bytes. /worlds/Covan.fwl -> /worlds/Covan.fwl.old
03/31/2023 00:48:50: Steam writing file chunks 1 / 1, (39 bytes)
03/31/2023 00:48:50: Steam Cloud Move: 39 bytes. /worlds/Covan.fwl.new -> /worlds/Covan.fwl
03/31/2023 00:48:50: Steam writing file chunks 1 / 1, (39 bytes)
03/31/2023 00:48:50: Considering autobackup. World time: 3156,92, short time: 7200, long time: 43200, backup count: 10
03/31/2023 00:48:50: No autobackup needed yet...
03/31/2023 00:48:50: World saved ( 206,0394ms )
03/31/2023 00:48:50: Considering autobackup. World time: 3156,92, short time: 7200, long time: 43200, backup count: 10
03/31/2023 00:48:50: Creating second autobackup for reference
03/31/2023 00:48:50: Saving backup at: \worlds\Covan_backup_auto-20230331004850.db
03/31/2023 00:48:50: Cloud Copy: 4909796 bytes. /worlds/Covan.db -> \worlds\Covan_backup_auto-20230331004850.db
03/31/2023 00:48:50: Steam writing file chunks 1 / 1, (4909796 bytes)
03/31/2023 00:48:51: World auto backup saved ( 00:00:00.0843801ms )
03/31/2023 00:48:52: Placed wood_beam_1
03/31/2023 00:49:00: Placed wood_beam_1
03/31/2023 00:49:19: Placed wood_beam_1
03/31/2023 00:49:31: Placed wood_pole
03/31/2023 00:49:43: Starting music evening
03/31/2023 00:49:44: Stopped music meadows at 1518797
03/31/2023 00:50:11: Placed wood_pole
03/31/2023 00:50:58: Placed wood_pole
03/31/2023 00:51:09: Setting selected recipe 3
03/31/2023 00:51:10: UI Group status changed root = True
03/31/2023 00:51:10: UI Group status changed Player = True
03/31/2023 00:51:14: Starting music home
03/31/2023 00:51:22: Stopped music home at 353740
03/31/2023 00:51:31: Disabling PlayerBase  character_trigger
03/31/2023 00:51:34: Disabling collider_block  blocker
03/31/2023 00:51:42: Starting music home
03/31/2023 00:51:42: Resumed music home at 353740
03/31/2023 00:51:45: Stopped music home at 463813
03/31/2023 00:51:49: Placed piece_workbench_ext1
03/31/2023 00:51:51: Starting music home
03/31/2023 00:51:51: Resumed music home at 463813
03/31/2023 00:51:58: Disabling PlayerBase  character_trigger
03/31/2023 00:52:17: Stopped music home at 1615352
03/31/2023 00:52:18: Player 3343654 wants to open piece_chest_wood(Clone)   im: 3343654
03/31/2023 00:52:18: Setting selected recipe 3
03/31/2023 00:52:18: UI Group status changed root = True
03/31/2023 00:52:18: UI Group status changed Player = True
03/31/2023 00:52:21: Added to stack50 1
03/31/2023 00:52:23: Setting selected recipe 3
03/31/2023 00:52:33: Starting music home
03/31/2023 00:52:33: Resumed music home at 1615352
03/31/2023 00:52:38: Disabling PlayerBase  character_trigger
03/31/2023 00:52:47: Placed wood_floor
03/31/2023 00:52:54: Stopped music home at 2542980
03/31/2023 00:52:54: Starting music home
03/31/2023 00:52:54: Resumed music home at 2542980
03/31/2023 00:52:56: Stopped music home at 2630474
03/31/2023 00:52:59: Disabling PlayerBase  character_trigger
03/31/2023 00:53:04: Placed piece_groundtorch_wood
03/31/2023 00:53:04: Disabling PlayerBase  character_trigger
03/31/2023 00:53:04: Disabling PlayerBase  character_trigger
03/31/2023 00:53:10: Starting music home
03/31/2023 00:53:10: Resumed music home at 2630474
03/31/2023 00:53:10: Stopped music home at 2646467
03/31/2023 00:53:11: Starting music home
03/31/2023 00:53:11: Resumed music home at 2646467
03/31/2023 00:53:18: Stopped music home at 2958812
03/31/2023 00:53:19: Starting music home
03/31/2023 00:53:19: Resumed music home at 2958812
03/31/2023 00:53:22: Stopped music home at 3129096
03/31/2023 00:53:23: Starting music home
03/31/2023 00:53:23: Resumed music home at 3129096
03/31/2023 00:53:28: Has no creator
03/31/2023 00:53:44: Disabling PlayerBase  character_trigger
03/31/2023 00:53:47: Disabling PlayerBase  character_trigger
03/31/2023 00:53:54: Placed wood_floor
03/31/2023 00:54:12: Has no creator
03/31/2023 00:54:18: Stopped music home at 5592110
03/31/2023 00:55:09: Queue unlock msg:$msg_newstation_level:$piece_workbench $msg_level 2
03/31/2023 00:55:09: Queue unlock msg:$msg_newrecipe:$item_chest_leather
03/31/2023 00:55:09: Queue unlock msg:$msg_newrecipe:$item_legs_leather
03/31/2023 00:55:09: Queue unlock msg:$msg_newrecipe:$item_arrow_fire
03/31/2023 00:55:09: Queue unlock msg:$msg_newrecipe:$item_arrow_flint
03/31/2023 00:55:09: Queue unlock msg:$msg_newrecipe:$item_helmet_leather
03/31/2023 00:55:50: Spawned Greyling x 1
03/31/2023 00:56:04: Placed wood_pole2
03/31/2023 00:56:07: Placed wood_pole2
03/31/2023 00:56:08: Placed wood_pole2
03/31/2023 00:56:12: Placed wood_pole2
03/31/2023 00:56:13: Skipping unloading unused assets
03/31/2023 00:56:35: Placed wood_beam
03/31/2023 00:56:37: Placed wood_beam
03/31/2023 00:56:45: Placed wood_roof_top_45
03/31/2023 00:56:53: Placed wood_roof_45
03/31/2023 00:56:57: Placed wood_roof_45
03/31/2023 00:57:08: Placed wood_roof_45
03/31/2023 00:57:17: Placed wood_roof_45
03/31/2023 00:57:20: Placed wood_roof_45
03/31/2023 00:57:26: Placed wood_roof_top_45
03/31/2023 00:57:33: Placed wood_roof_top_45
03/31/2023 00:57:33: Update PlayFab entity token
03/31/2023 00:57:38: Placed wood_roof_45
03/31/2023 00:57:42: Placed wood_roof_45
03/31/2023 00:58:00: Placed wood_roof_ocorner_45
03/31/2023 00:58:19: Placed wood_pole2
03/31/2023 00:58:22: Placed wood_pole2
03/31/2023 00:58:40: Placed wood_pole2
03/31/2023 00:58:44: Starting music morning
03/31/2023 00:59:10: Placed wood_beam_26
03/31/2023 00:59:18: Starting music meadows
03/31/2023 00:59:20: Setting selected recipe 3
03/31/2023 00:59:20: UI Group status changed root = True
03/31/2023 00:59:20: UI Group status changed Player = True
03/31/2023 00:59:52: Placed wood_roof_ocorner_45
03/31/2023 01:00:10: Placed wood_roof_ocorner_45
03/31/2023 01:00:49: Spawned Boar x 1
03/31/2023 01:01:52: Setting selected recipe 3
03/31/2023 01:01:52: UI Group status changed root = True
03/31/2023 01:01:52: UI Group status changed Player = True
03/31/2023 01:01:54: Setting selected recipe 3
03/31/2023 01:01:56: Setting selected recipe 3
03/31/2023 01:01:57: Setting selected recipe 2
03/31/2023 01:02:00: Setting selected recipe 2
03/31/2023 01:02:01: Setting selected recipe 2
03/31/2023 01:02:04: Setting selected recipe 2
03/31/2023 01:02:05: Setting selected recipe 2
03/31/2023 01:02:42: Placed wood_beam
03/31/2023 01:03:05: Placed wood_beam_45
03/31/2023 01:03:10: Placed wood_beam_45
03/31/2023 01:03:17: Placed wood_beam_45
03/31/2023 01:03:21: Placed wood_beam_45
03/31/2023 01:03:29: Placed wood_roof_45
03/31/2023 01:03:44: Placed wood_roof_45
03/31/2023 01:03:47: Placed wood_roof_45
03/31/2023 01:03:53: Placed wood_roof_45
